<?xml version="1.0" encoding="UTF-8"?>
<!-- Generated by org.testng.reporters.JUnitReportReporter -->
<testsuite hostname="sys121" failures="0" tests="2" name="Test.TestnG" time="21.070" errors="0" timestamp="2024-03-07T15:51:04 IST" skipped="0">
  <testcase classname="Test.TestnG" name="test1" time="6.113"/>
  <testcase classname="Test.TestnG" name="test2" time="14.957"/>
</testsuite> <!-- Test.TestnG -->
